Mar 08 17:52:17  [info] $backTrace = #0 /var/www/drupal/drupal-simplicity/sites/all/modules/civicrm/CRM/Core/Error.php(263): CRM_Core_Error::backtrace("backTrace", TRUE)
#1 /var/www/drupal/drupal-simplicity/sites/all/modules/civicrm/packages/PEAR.php(921): CRM_Core_Error::simpleHandler(Object(DB_Error))
#2 /var/www/drupal/drupal-simplicity/sites/all/modules/civicrm/packages/DB.php(984): PEAR_Error->__construct("DB Error: connect failed", -24, 16, (Array:2), " [nativecode=Unknown database 'eternity_civicrm']")
#3 /var/www/drupal/drupal-simplicity/sites/all/modules/civicrm/packages/PEAR.php(575): DB_Error->__construct(-24, 16, (Array:2), " [nativecode=Unknown database 'eternity_civicrm']")
#4 /var/www/drupal/drupal-simplicity/sites/all/modules/civicrm/packages/PEAR.php(223): PEAR->_raiseError(Object(DB_mysqli), NULL, -24, 16, (Array:2), " [nativecode=Unknown database 'eternity_civicrm']", "DB_Error", TRUE)
#5 /var/www/drupal/drupal-simplicity/sites/all/modules/civicrm/packages/DB/common.php(1905): PEAR->__call("raiseError", (Array:7))
#6 /var/www/drupal/drupal-simplicity/sites/all/modules/civicrm/packages/DB/mysqli.php(338): DB_common->raiseError(-24, NULL, NULL, " [nativecode=Unknown database 'eternity_civicrm']", "Unknown database 'eternity_civicrm'")
#7 /var/www/drupal/drupal-simplicity/sites/all/modules/civicrm/packages/DB.php(564): DB_mysqli->connect((Array:10), FALSE)
#8 /var/www/drupal/drupal-simplicity/sites/all/modules/civicrm/packages/DB/DataObject.php(2308): DB::connect((string))
#9 /var/www/drupal/drupal-simplicity/sites/all/modules/civicrm/CRM/Core/DAO.php(388): DB_DataObject->_connect()
#10 /var/www/drupal/drupal-simplicity/sites/all/modules/civicrm/CRM/Core/DAO.php(95): CRM_Core_DAO->initialize()
#11 /var/www/drupal/drupal-simplicity/sites/all/modules/civicrm/CRM/Core/DAO.php(1294): CRM_Core_DAO->__construct()
#12 /var/www/drupal/drupal-simplicity/sites/all/modules/civicrm/CRM/Core/DAO.php(124): CRM_Core_DAO::executeQuery("SET NAMES utf8")
#13 /var/www/drupal/drupal-simplicity/sites/all/modules/civicrm/Civi/Core/Container.php(376): CRM_Core_DAO::init("mysql://eternity-civicrm:s0mething!@localhost/eternity_civicrm?new_link=true")
#14 /var/www/drupal/drupal-simplicity/sites/all/modules/civicrm/CRM/Core/Config.php(111): Civi\Core\Container::boot(TRUE)
#15 /var/www/drupal/drupal-simplicity/sites/all/modules/civicrm/drupal/civicrm.module(218): CRM_Core_Config::singleton()
#16 /var/www/drupal/drupal-simplicity/sites/all/modules/civicrm/drupal/modules/views/civicrm.views.inc(68): civicrm_initialize()
#17 /var/www/drupal/drupal-simplicity/sites/all/modules/views/includes/cache.inc(93): civicrm_views_data_alter((Array:71))
#18 /var/www/drupal/drupal-simplicity/sites/all/modules/views/includes/cache.inc(37): _views_fetch_data_build()
#19 /var/www/drupal/drupal-simplicity/sites/all/modules/views/views.module(1293): _views_fetch_data("node", FALSE, FALSE)
#20 /var/www/drupal/drupal-simplicity/sites/all/modules/views/views.module(1629): views_fetch_data("node", FALSE)
#21 /var/www/drupal/drupal-simplicity/sites/all/modules/views/includes/view.inc(277): views_move_table("node")
#22 /var/www/drupal/drupal-simplicity/sites/all/modules/views/views.module(1617): view->update()
#23 /var/www/drupal/drupal-simplicity/sites/all/modules/views/views.module(736): views_get_view("flexslider_slideshow")
#24 /var/www/drupal/drupal-simplicity/includes/module.inc(926): views_block_view("flexslider_slideshow-block")
#25 /var/www/drupal/drupal-simplicity/modules/block/block.module(914): module_invoke("views", "block_view", "flexslider_slideshow-block")
#26 /var/www/drupal/drupal-simplicity/modules/block/block.module(693): _block_render_blocks((Array:0))
#27 /var/www/drupal/drupal-simplicity/modules/block/block.module(319): block_list("hero")
#28 /var/www/drupal/drupal-simplicity/modules/block/block.module(270): block_get_blocks_by_region("hero")
#29 /var/www/drupal/drupal-simplicity/includes/common.inc(5901): block_page_build((Array:10))
#30 /var/www/drupal/drupal-simplicity/includes/common.inc(2748): drupal_render_page((Array:10))
#31 /var/www/drupal/drupal-simplicity/includes/common.inc(2621): drupal_deliver_html_page((Array:1))
#32 /var/www/drupal/drupal-simplicity/includes/menu.inc(542): drupal_deliver_page((Array:1), "")
#33 /var/www/drupal/drupal-simplicity/index.php(21): menu_execute_active_handler()
#34 {main}


Mar 08 17:52:17  [info] $backTrace = #0 /var/www/drupal/drupal-simplicity/sites/all/modules/civicrm/CRM/Core/Error.php(263): CRM_Core_Error::backtrace("backTrace", TRUE)
#1 /var/www/drupal/drupal-simplicity/sites/all/modules/civicrm/packages/PEAR.php(921): CRM_Core_Error::simpleHandler(Object(DB_Error))
#2 /var/www/drupal/drupal-simplicity/sites/all/modules/civicrm/packages/DB.php(984): PEAR_Error->__construct("DB Error: connect failed", -24, 16, (Array:2), " [nativecode=Unknown database 'eternity_civicrm']")
#3 /var/www/drupal/drupal-simplicity/sites/all/modules/civicrm/packages/PEAR.php(575): DB_Error->__construct(-24, 16, (Array:2), " [nativecode=Unknown database 'eternity_civicrm']")
#4 /var/www/drupal/drupal-simplicity/sites/all/modules/civicrm/packages/PEAR.php(223): PEAR->_raiseError(Object(DB_mysqli), NULL, -24, 16, (Array:2), " [nativecode=Unknown database 'eternity_civicrm']", "DB_Error", TRUE)
#5 /var/www/drupal/drupal-simplicity/sites/all/modules/civicrm/packages/DB/common.php(1905): PEAR->__call("raiseError", (Array:7))
#6 /var/www/drupal/drupal-simplicity/sites/all/modules/civicrm/packages/DB/mysqli.php(338): DB_common->raiseError(-24, NULL, NULL, " [nativecode=Unknown database 'eternity_civicrm']", "Unknown database 'eternity_civicrm'")
#7 /var/www/drupal/drupal-simplicity/sites/all/modules/civicrm/packages/DB.php(564): DB_mysqli->connect((Array:10), FALSE)
#8 /var/www/drupal/drupal-simplicity/sites/all/modules/civicrm/packages/DB/DataObject.php(2308): DB::connect((string))
#9 /var/www/drupal/drupal-simplicity/sites/all/modules/civicrm/CRM/Core/DAO.php(388): DB_DataObject->_connect()
#10 /var/www/drupal/drupal-simplicity/sites/all/modules/civicrm/CRM/Core/DAO.php(95): CRM_Core_DAO->initialize()
#11 /var/www/drupal/drupal-simplicity/sites/all/modules/civicrm/CRM/Core/DAO.php(1294): CRM_Core_DAO->__construct()
#12 /var/www/drupal/drupal-simplicity/sites/all/modules/civicrm/Civi/Core/SettingsBag.php(151): CRM_Core_DAO::executeQuery("SELECT id, name, value, domain_id, contact_id, is_domain, component_id, creat...")
#13 /var/www/drupal/drupal-simplicity/sites/all/modules/civicrm/Civi/Core/SettingsManager.php(163): Civi\Core\SettingsBag->loadValues()
#14 /var/www/drupal/drupal-simplicity/sites/all/modules/civicrm/Civi.php(115): Civi\Core\SettingsManager->getBagByDomain(1)
#15 /var/www/drupal/drupal-simplicity/sites/all/modules/civicrm/CRM/Core/Config/MagicMerge.php(392): Civi::settings()
#16 /var/www/drupal/drupal-simplicity/sites/all/modules/civicrm/CRM/Core/Config/MagicMerge.php(234): CRM_Core_Config_MagicMerge->getSettings()
#17 /var/www/drupal/drupal-simplicity/sites/all/modules/civicrm/CRM/Core/Error.php(603): CRM_Core_Config_MagicMerge->__get("userFrameworkLogging")
#18 /var/www/drupal/drupal-simplicity/sites/all/modules/civicrm/CRM/Core/Error.php(571): CRM_Core_Error::debug_log_message("$backTrace = #0 /var/www/drupal/drupal-simplicity/sites/all/modules/civicrm/C...", FALSE, "")
#19 /var/www/drupal/drupal-simplicity/sites/all/modules/civicrm/CRM/Core/Error.php(719): CRM_Core_Error::debug_var("backTrace", "#0 /var/www/drupal/drupal-simplicity/sites/all/modules/civicrm/CRM/Core/Error...")
#20 /var/www/drupal/drupal-simplicity/sites/all/modules/civicrm/CRM/Core/Error.php(263): CRM_Core_Error::backtrace("backTrace", TRUE)
#21 /var/www/drupal/drupal-simplicity/sites/all/modules/civicrm/packages/PEAR.php(921): CRM_Core_Error::simpleHandler(Object(DB_Error))
#22 /var/www/drupal/drupal-simplicity/sites/all/modules/civicrm/packages/DB.php(984): PEAR_Error->__construct("DB Error: connect failed", -24, 16, (Array:2), " [nativecode=Unknown database 'eternity_civicrm']")
#23 /var/www/drupal/drupal-simplicity/sites/all/modules/civicrm/packages/PEAR.php(575): DB_Error->__construct(-24, 16, (Array:2), " [nativecode=Unknown database 'eternity_civicrm']")
#24 /var/www/drupal/drupal-simplicity/sites/all/modules/civicrm/packages/PEAR.php(223): PEAR->_raiseError(Object(DB_mysqli), NULL, -24, 16, (Array:2), " [nativecode=Unknown database 'eternity_civicrm']", "DB_Error", TRUE)
#25 /var/www/drupal/drupal-simplicity/sites/all/modules/civicrm/packages/DB/common.php(1905): PEAR->__call("raiseError", (Array:7))
#26 /var/www/drupal/drupal-simplicity/sites/all/modules/civicrm/packages/DB/mysqli.php(338): DB_common->raiseError(-24, NULL, NULL, " [nativecode=Unknown database 'eternity_civicrm']", "Unknown database 'eternity_civicrm'")
#27 /var/www/drupal/drupal-simplicity/sites/all/modules/civicrm/packages/DB.php(564): DB_mysqli->connect((Array:10), FALSE)
#28 /var/www/drupal/drupal-simplicity/sites/all/modules/civicrm/packages/DB/DataObject.php(2308): DB::connect((string))
#29 /var/www/drupal/drupal-simplicity/sites/all/modules/civicrm/CRM/Core/DAO.php(388): DB_DataObject->_connect()
#30 /var/www/drupal/drupal-simplicity/sites/all/modules/civicrm/CRM/Core/DAO.php(95): CRM_Core_DAO->initialize()
#31 /var/www/drupal/drupal-simplicity/sites/all/modules/civicrm/CRM/Core/DAO.php(1294): CRM_Core_DAO->__construct()
#32 /var/www/drupal/drupal-simplicity/sites/all/modules/civicrm/CRM/Core/DAO.php(124): CRM_Core_DAO::executeQuery("SET NAMES utf8")
#33 /var/www/drupal/drupal-simplicity/sites/all/modules/civicrm/Civi/Core/Container.php(376): CRM_Core_DAO::init("mysql://eternity-civicrm:s0mething!@localhost/eternity_civicrm?new_link=true")
#34 /var/www/drupal/drupal-simplicity/sites/all/modules/civicrm/CRM/Core/Config.php(111): Civi\Core\Container::boot(TRUE)
#35 /var/www/drupal/drupal-simplicity/sites/all/modules/civicrm/drupal/civicrm.module(218): CRM_Core_Config::singleton()
#36 /var/www/drupal/drupal-simplicity/sites/all/modules/civicrm/drupal/modules/views/civicrm.views.inc(68): civicrm_initialize()
#37 /var/www/drupal/drupal-simplicity/sites/all/modules/views/includes/cache.inc(93): civicrm_views_data_alter((Array:71))
#38 /var/www/drupal/drupal-simplicity/sites/all/modules/views/includes/cache.inc(37): _views_fetch_data_build()
#39 /var/www/drupal/drupal-simplicity/sites/all/modules/views/views.module(1293): _views_fetch_data("node", FALSE, FALSE)
#40 /var/www/drupal/drupal-simplicity/sites/all/modules/views/views.module(1629): views_fetch_data("node", FALSE)
#41 /var/www/drupal/drupal-simplicity/sites/all/modules/views/includes/view.inc(277): views_move_table("node")
#42 /var/www/drupal/drupal-simplicity/sites/all/modules/views/views.module(1617): view->update()
#43 /var/www/drupal/drupal-simplicity/sites/all/modules/views/views.module(736): views_get_view("flexslider_slideshow")
#44 /var/www/drupal/drupal-simplicity/includes/module.inc(926): views_block_view("flexslider_slideshow-block")
#45 /var/www/drupal/drupal-simplicity/modules/block/block.module(914): module_invoke("views", "block_view", "flexslider_slideshow-block")
#46 /var/www/drupal/drupal-simplicity/modules/block/block.module(693): _block_render_blocks((Array:0))
#47 /var/www/drupal/drupal-simplicity/modules/block/block.module(319): block_list("hero")
#48 /var/www/drupal/drupal-simplicity/modules/block/block.module(270): block_get_blocks_by_region("hero")
#49 /var/www/drupal/drupal-simplicity/includes/common.inc(5901): block_page_build((Array:10))
#50 /var/www/drupal/drupal-simplicity/includes/common.inc(2748): drupal_render_page((Array:10))
#51 /var/www/drupal/drupal-simplicity/includes/common.inc(2621): drupal_deliver_html_page((Array:1))
#52 /var/www/drupal/drupal-simplicity/includes/menu.inc(542): drupal_deliver_page((Array:1), "")
#53 /var/www/drupal/drupal-simplicity/index.php(21): menu_execute_active_handler()
#54 {main}


