Mar 08 17:54:38  [info] Creating canary table

Mar 08 18:13:25  [info] $Fatal Error Details = Array
(
    [callback] => Array
        (
            [0] => CRM_Core_Error
            [1] => exceptionHandler
        )

    [code] => -1
    [message] => DB Error: unknown error
    [mode] => 16
    [debug_info] => 
      SELECT i.name as index_name
      FROM information_schema.innodb_sys_tables t
      JOIN information_schema.innodb_sys_indexes i USING (table_id)
      WHERE t.name = concat(database(),'/civicrm_address')
      AND i.name like 'civicrm_fts_%'
       [nativecode=1227 ** Access denied; you need (at least one of) the PROCESS privilege(s) for this operation]
    [type] => DB_Error
    [user_info] => 
      SELECT i.name as index_name
      FROM information_schema.innodb_sys_tables t
      JOIN information_schema.innodb_sys_indexes i USING (table_id)
      WHERE t.name = concat(database(),'/civicrm_address')
      AND i.name like 'civicrm_fts_%'
       [nativecode=1227 ** Access denied; you need (at least one of) the PROCESS privilege(s) for this operation]
    [to_string] => [db_error: message="DB Error: unknown error" code=-1 mode=callback callback=CRM_Core_Error::exceptionHandler prefix="" info="
      SELECT i.name as index_name
      FROM information_schema.innodb_sys_tables t
      JOIN information_schema.innodb_sys_indexes i USING (table_id)
      WHERE t.name = concat(database(),'/civicrm_address')
      AND i.name like 'civicrm_fts_%'
       [nativecode=1227 ** Access denied; you need (at least one of) the PROCESS privilege(s) for this operation]"]
)


Mar 08 18:13:25  [info] $backTrace = #0 /var/www/drupal/drupal-simplicity/sites/all/modules/civicrm/CRM/Core/Error.php(937): CRM_Core_Error::backtrace("backTrace", TRUE)
#1 /var/www/drupal/drupal-simplicity/sites/all/modules/civicrm/packages/PEAR.php(921): CRM_Core_Error::exceptionHandler(Object(DB_Error))
#2 /var/www/drupal/drupal-simplicity/sites/all/modules/civicrm/packages/DB.php(984): PEAR_Error->__construct("DB Error: unknown error", -1, 16, (Array:2), "\n      SELECT i.name as index_name\n      FROM information_schema.innodb_sys...")
#3 /var/www/drupal/drupal-simplicity/sites/all/modules/civicrm/packages/PEAR.php(575): DB_Error->__construct(-1, 16, (Array:2), "\n      SELECT i.name as index_name\n      FROM information_schema.innodb_sys...")
#4 /var/www/drupal/drupal-simplicity/sites/all/modules/civicrm/packages/PEAR.php(223): PEAR->_raiseError(Object(DB_mysqli), NULL, -1, 16, (Array:2), "\n      SELECT i.name as index_name\n      FROM information_schema.innodb_sys...", "DB_Error", TRUE)
#5 /var/www/drupal/drupal-simplicity/sites/all/modules/civicrm/packages/DB/common.php(1905): PEAR->__call("raiseError", (Array:7))
#6 /var/www/drupal/drupal-simplicity/sites/all/modules/civicrm/packages/DB/mysqli.php(933): DB_common->raiseError(-1, NULL, NULL, "\n      SELECT i.name as index_name\n      FROM information_schema.innodb_sys...", "1227 ** Access denied; you need (at least one of) the PROCESS privilege(s) fo...")
#7 /var/www/drupal/drupal-simplicity/sites/all/modules/civicrm/packages/DB/mysqli.php(403): DB_mysqli->mysqliRaiseError()
#8 /var/www/drupal/drupal-simplicity/sites/all/modules/civicrm/packages/DB/common.php(1216): DB_mysqli->simpleQuery("\n      SELECT i.name as index_name\n      FROM information_schema.innodb_sys...")
#9 /var/www/drupal/drupal-simplicity/sites/all/modules/civicrm/packages/DB/DataObject.php(2438): DB_common->query("\n      SELECT i.name as index_name\n      FROM information_schema.innodb_sys...")
#10 /var/www/drupal/drupal-simplicity/sites/all/modules/civicrm/packages/DB/DataObject.php(1627): DB_DataObject->_query("\n      SELECT i.name as index_name\n      FROM information_schema.innodb_sys...")
#11 /var/www/drupal/drupal-simplicity/sites/all/modules/civicrm/CRM/Core/DAO.php(354): DB_DataObject->query("\n      SELECT i.name as index_name\n      FROM information_schema.innodb_sys...")
#12 /var/www/drupal/drupal-simplicity/sites/all/modules/civicrm/CRM/Core/DAO.php(1304): CRM_Core_DAO->query("\n      SELECT i.name as index_name\n      FROM information_schema.innodb_sys...", TRUE)
#13 /var/www/drupal/drupal-simplicity/sites/all/modules/civicrm/CRM/Core/InnoDBIndexer.php(187): CRM_Core_DAO::executeQuery("\n      SELECT i.name as index_name\n      FROM information_schema.innodb_sys...")
#14 /var/www/drupal/drupal-simplicity/sites/all/modules/civicrm/CRM/Core/InnoDBIndexer.php(225): CRM_Core_InnoDBIndexer->findActualFtsIndexNames("civicrm_address")
#15 /var/www/drupal/drupal-simplicity/sites/all/modules/civicrm/CRM/Core/InnoDBIndexer.php(242): CRM_Core_InnoDBIndexer->dropIndexSql("civicrm_address")
#16 /var/www/drupal/drupal-simplicity/sites/all/modules/civicrm/CRM/Core/InnoDBIndexer.php(131): CRM_Core_InnoDBIndexer->reconcileIndexSqls("civicrm_address")
#17 /var/www/drupal/drupal-simplicity/sites/all/modules/civicrm/CRM/Core/InnoDBIndexer.php(96): CRM_Core_InnoDBIndexer->fixSchemaDifferences()
#18 [internal function](): CRM_Core_InnoDBIndexer::onToggleFts(FALSE, "1", (Array:13), 1)
#19 /var/www/drupal/drupal-simplicity/sites/all/modules/civicrm/Civi/Core/SettingsBag.php(362): call_user_func((Array:2), FALSE, "1", (Array:13), 1)
#20 /var/www/drupal/drupal-simplicity/sites/all/modules/civicrm/Civi/Core/SettingsBag.php(272): Civi\Core\SettingsBag->setDb("enable_innodb_fts", "1")
#21 /var/www/drupal/drupal-simplicity/sites/all/modules/civicrm/Civi/Core/SettingsBag.php(169): Civi\Core\SettingsBag->set("enable_innodb_fts", "1")
#22 /var/www/drupal/drupal-simplicity/sites/all/modules/civicrm/CRM/Core/BAO/Setting.php(213): Civi\Core\SettingsBag->add((Array:9))
#23 /var/www/drupal/drupal-simplicity/sites/all/modules/civicrm/api/v3/Setting.php(276): CRM_Core_BAO_Setting::setItems((Array:11), (Array:1))
#24 /var/www/drupal/drupal-simplicity/sites/all/modules/civicrm/Civi/API/Provider/MagicFunctionProvider.php(89): civicrm_api3_setting_create((Array:11))
#25 /var/www/drupal/drupal-simplicity/sites/all/modules/civicrm/Civi/API/Kernel.php(169): Civi\API\Provider\MagicFunctionProvider->invoke((Array:9))
#26 /var/www/drupal/drupal-simplicity/sites/all/modules/civicrm/Civi/API/Kernel.php(100): Civi\API\Kernel->runRequest((Array:9))
#27 /var/www/drupal/drupal-simplicity/sites/all/modules/civicrm/api/api.php(23): Civi\API\Kernel->runSafe("setting", "create", (Array:10), NULL)
#28 /var/www/drupal/drupal-simplicity/sites/all/modules/civicrm/CRM/Admin/Form/Setting.php(218): civicrm_api("setting", "create", (Array:10))
#29 /var/www/drupal/drupal-simplicity/sites/all/modules/civicrm/CRM/Admin/Form/Setting.php(172): CRM_Admin_Form_Setting->commonProcess((Array:11))
#30 /var/www/drupal/drupal-simplicity/sites/all/modules/civicrm/CRM/Core/Form.php(451): CRM_Admin_Form_Setting->postProcess()
#31 /var/www/drupal/drupal-simplicity/sites/all/modules/civicrm/CRM/Core/StateMachine.php(160): CRM_Core_Form->mainProcess()
#32 /var/www/drupal/drupal-simplicity/sites/all/modules/civicrm/CRM/Core/QuickForm/Action/Next.php(61): CRM_Core_StateMachine->perform(Object(CRM_Admin_Form_Setting_Search), "next", "Next")
#33 /var/www/drupal/drupal-simplicity/sites/all/modules/civicrm/packages/HTML/QuickForm/Controller.php(203): CRM_Core_QuickForm_Action_Next->perform(Object(CRM_Admin_Form_Setting_Search), "next")
#34 /var/www/drupal/drupal-simplicity/sites/all/modules/civicrm/packages/HTML/QuickForm/Page.php(103): HTML_QuickForm_Controller->handle(Object(CRM_Admin_Form_Setting_Search), "next")
#35 /var/www/drupal/drupal-simplicity/sites/all/modules/civicrm/CRM/Core/Controller.php(351): HTML_QuickForm_Page->handle("next")
#36 /var/www/drupal/drupal-simplicity/sites/all/modules/civicrm/CRM/Utils/Wrapper.php(113): CRM_Core_Controller->run()
#37 /var/www/drupal/drupal-simplicity/sites/all/modules/civicrm/CRM/Core/Invoke.php(283): CRM_Utils_Wrapper->run("CRM_Admin_Form_Setting_Search", "Search Preferences", (Array:0))
#38 /var/www/drupal/drupal-simplicity/sites/all/modules/civicrm/CRM/Core/Invoke.php(84): CRM_Core_Invoke::runItem((Array:13))
#39 /var/www/drupal/drupal-simplicity/sites/all/modules/civicrm/CRM/Core/Invoke.php(52): CRM_Core_Invoke::_invoke((Array:4))
#40 /var/www/drupal/drupal-simplicity/sites/all/modules/civicrm/drupal/civicrm.module(448): CRM_Core_Invoke::invoke((Array:4))
#41 /var/www/drupal/drupal-simplicity/includes/menu.inc(527): civicrm_invoke("admin", "setting", "search")
#42 /var/www/drupal/drupal-simplicity/index.php(21): menu_execute_active_handler()
#43 {main}


Mar 08 21:36:00  [info] Ignoring exception thrown by nullHandler: , mail() returned failure

Mar 08 21:36:00  [info] $backTrace = #0 /var/www/drupal/drupal-simplicity/sites/all/modules/civicrm/CRM/Core/Error.php(951): CRM_Core_Error::backtrace("backTrace", TRUE)
#1 /var/www/drupal/drupal-simplicity/sites/all/modules/civicrm/packages/PEAR.php(921): CRM_Core_Error::nullHandler(Object(PEAR_Error))
#2 /var/www/drupal/drupal-simplicity/sites/all/modules/civicrm/packages/PEAR.php(577): PEAR_Error->__construct("mail() returned failure", NULL, 16, (Array:2), NULL)
#3 /var/www/drupal/drupal-simplicity/sites/all/modules/civicrm/packages/PEAR.php(236): PEAR::_raiseError(NULL, "mail() returned failure")
#4 /var/www/drupal/drupal-simplicity/sites/all/modules/civicrm/packages/Mail/mail.php(175): PEAR::__callStatic("raiseError", (Array:1))
#5 /var/www/drupal/drupal-simplicity/sites/all/modules/civicrm/CRM/Admin/Form/Setting/Smtp.php(167): Mail_mail->send("info@hellokrd.net", (Array:2), "mail settings are correct.")
#6 /var/www/drupal/drupal-simplicity/sites/all/modules/civicrm/CRM/Core/Form.php(451): CRM_Admin_Form_Setting_Smtp->postProcess()
#7 /var/www/drupal/drupal-simplicity/sites/all/modules/civicrm/CRM/Core/QuickForm/Action/Refresh.php(75): CRM_Core_Form->mainProcess()
#8 /var/www/drupal/drupal-simplicity/sites/all/modules/civicrm/packages/HTML/QuickForm/Controller.php(203): CRM_Core_QuickForm_Action_Refresh->perform(Object(CRM_Admin_Form_Setting_Smtp), "refresh")
#9 /var/www/drupal/drupal-simplicity/sites/all/modules/civicrm/packages/HTML/QuickForm/Page.php(103): HTML_QuickForm_Controller->handle(Object(CRM_Admin_Form_Setting_Smtp), "refresh")
#10 /var/www/drupal/drupal-simplicity/sites/all/modules/civicrm/CRM/Core/Controller.php(351): HTML_QuickForm_Page->handle("refresh")
#11 /var/www/drupal/drupal-simplicity/sites/all/modules/civicrm/CRM/Utils/Wrapper.php(113): CRM_Core_Controller->run()
#12 /var/www/drupal/drupal-simplicity/sites/all/modules/civicrm/CRM/Core/Invoke.php(283): CRM_Utils_Wrapper->run("CRM_Admin_Form_Setting_Smtp", "Outbound Email Settings", (Array:0))
#13 /var/www/drupal/drupal-simplicity/sites/all/modules/civicrm/CRM/Core/Invoke.php(84): CRM_Core_Invoke::runItem((Array:13))
#14 /var/www/drupal/drupal-simplicity/sites/all/modules/civicrm/CRM/Core/Invoke.php(52): CRM_Core_Invoke::_invoke((Array:4))
#15 /var/www/drupal/drupal-simplicity/sites/all/modules/civicrm/drupal/civicrm.module(448): CRM_Core_Invoke::invoke((Array:4))
#16 /var/www/drupal/drupal-simplicity/includes/menu.inc(527): civicrm_invoke("admin", "setting", "smtp")
#17 /var/www/drupal/drupal-simplicity/index.php(21): menu_execute_active_handler()
#18 {main}


Mar 08 23:09:46  [info] $Fatal Error Details = Array
(
    [callback] => Array
        (
            [0] => CRM_Core_Error
            [1] => handle
        )

    [code] => -1
    [message] => DB Error: unknown error
    [mode] => 16
    [debug_info] => DROP TRIGGER IF EXISTS civicrm_email_after_update [nativecode=6 ** Error on delete of './eternity_civicrm/civicrm_email_after_update.TRN' (Errcode: 2 - No such file or directory)]
    [type] => DB_Error
    [user_info] => DROP TRIGGER IF EXISTS civicrm_email_after_update [nativecode=6 ** Error on delete of './eternity_civicrm/civicrm_email_after_update.TRN' (Errcode: 2 - No such file or directory)]
    [to_string] => [db_error: message="DB Error: unknown error" code=-1 mode=callback callback=CRM_Core_Error::handle prefix="" info="DROP TRIGGER IF EXISTS civicrm_email_after_update [nativecode=6 ** Error on delete of './eternity_civicrm/civicrm_email_after_update.TRN' (Errcode: 2 - No such file or directory)]"]
)


Mar 08 23:09:46  [info] $backTrace = #0 /var/www/drupal/drupal-simplicity/sites/all/modules/civicrm/CRM/Core/Error.php(229): CRM_Core_Error::backtrace("backTrace", TRUE)
#1 /var/www/drupal/drupal-simplicity/sites/all/modules/civicrm/packages/PEAR.php(921): CRM_Core_Error::handle(Object(DB_Error))
#2 /var/www/drupal/drupal-simplicity/sites/all/modules/civicrm/packages/DB.php(984): PEAR_Error->__construct("DB Error: unknown error", -1, 16, (Array:2), "DROP TRIGGER IF EXISTS civicrm_email_after_update [nativecode=6 ** Error on d...")
#3 /var/www/drupal/drupal-simplicity/sites/all/modules/civicrm/packages/PEAR.php(575): DB_Error->__construct(-1, 16, (Array:2), "DROP TRIGGER IF EXISTS civicrm_email_after_update [nativecode=6 ** Error on d...")
#4 /var/www/drupal/drupal-simplicity/sites/all/modules/civicrm/packages/PEAR.php(223): PEAR->_raiseError(Object(DB_mysqli), NULL, -1, 16, (Array:2), "DROP TRIGGER IF EXISTS civicrm_email_after_update [nativecode=6 ** Error on d...", "DB_Error", TRUE)
#5 /var/www/drupal/drupal-simplicity/sites/all/modules/civicrm/packages/DB/common.php(1905): PEAR->__call("raiseError", (Array:7))
#6 /var/www/drupal/drupal-simplicity/sites/all/modules/civicrm/packages/DB/mysqli.php(933): DB_common->raiseError(-1, NULL, NULL, "DROP TRIGGER IF EXISTS civicrm_email_after_update [nativecode=6 ** Error on d...", "6 ** Error on delete of './eternity_civicrm/civicrm_email_after_update.TRN' (...")
#7 /var/www/drupal/drupal-simplicity/sites/all/modules/civicrm/packages/DB/mysqli.php(403): DB_mysqli->mysqliRaiseError()
#8 /var/www/drupal/drupal-simplicity/sites/all/modules/civicrm/packages/DB/common.php(1216): DB_mysqli->simpleQuery("DROP TRIGGER IF EXISTS civicrm_email_after_update")
#9 /var/www/drupal/drupal-simplicity/sites/all/modules/civicrm/packages/DB/DataObject.php(2438): DB_common->query("DROP TRIGGER IF EXISTS civicrm_email_after_update")
#10 /var/www/drupal/drupal-simplicity/sites/all/modules/civicrm/packages/DB/DataObject.php(1627): DB_DataObject->_query("DROP TRIGGER IF EXISTS civicrm_email_after_update")
#11 /var/www/drupal/drupal-simplicity/sites/all/modules/civicrm/CRM/Core/DAO.php(354): DB_DataObject->query("DROP TRIGGER IF EXISTS civicrm_email_after_update")
#12 /var/www/drupal/drupal-simplicity/sites/all/modules/civicrm/CRM/Core/DAO.php(1304): CRM_Core_DAO->query("DROP TRIGGER IF EXISTS civicrm_email_after_update", FALSE)
#13 /var/www/drupal/drupal-simplicity/sites/all/modules/civicrm/Civi/Core/SqlTriggers.php(225): CRM_Core_DAO::executeQuery("DROP TRIGGER IF EXISTS civicrm_email_after_update", (Array:0), TRUE, NULL, FALSE, FALSE)
#14 /var/www/drupal/drupal-simplicity/sites/all/modules/civicrm/CRM/Logging/Schema.php(250): Civi\Core\SqlTriggers->enqueueQuery("DROP TRIGGER IF EXISTS civicrm_email_after_update")
#15 /var/www/drupal/drupal-simplicity/sites/all/modules/civicrm/Civi/Core/SqlTriggers.php(67): CRM_Logging_Schema->dropTriggers(NULL)
#16 /var/www/drupal/drupal-simplicity/sites/all/modules/civicrm/CRM/Core/DAO.php(1982): Civi\Core\SqlTriggers->rebuild(NULL, FALSE)
#17 /var/www/drupal/drupal-simplicity/sites/all/modules/civicrm/CRM/Core/Invoke.php(393): CRM_Core_DAO::triggerRebuild()
#18 /var/www/drupal/drupal-simplicity/sites/all/modules/civicrm/drupal/civicrm.module(1266): CRM_Core_Invoke::rebuildMenuAndCaches(TRUE)
#19 /var/www/drupal/drupal-simplicity/includes/module.inc(957): civicrm_modules_enabled((Array:1))
#20 /var/www/drupal/drupal-simplicity/includes/module.inc(516): module_invoke_all("modules_enabled", (Array:1))
#21 /var/www/drupal/drupal-simplicity/modules/system/system.admin.inc(1227): module_enable((Array:1), FALSE)
#22 /var/www/drupal/drupal-simplicity/includes/form.inc(1520): system_modules_submit((Array:28), (Array:20))
#23 /var/www/drupal/drupal-simplicity/includes/form.inc(904): form_execute_handlers("submit", (Array:28), (Array:20))
#24 /var/www/drupal/drupal-simplicity/includes/form.inc(386): drupal_process_form("system_modules", (Array:28), (Array:20))
#25 /var/www/drupal/drupal-simplicity/includes/form.inc(131): drupal_build_form("system_modules", (Array:20))
#26 /var/www/drupal/drupal-simplicity/includes/menu.inc(527): drupal_get_form("system_modules")
#27 /var/www/drupal/drupal-simplicity/index.php(21): menu_execute_active_handler()
#28 {main}


