Jun 20 15:55:53  [info] $Fatal Error Details = Array
(
    [message] => Cannot install this extension - curl is not installed!
    [code] => 
)


Jun 20 15:55:53  [info] $backTrace = #0 /home/vlad/projects/ec/sites/all/modules/civicrm/CRM/Core/Error.php(373): CRM_Core_Error::backtrace("backTrace", TRUE)
#1 /home/vlad/projects/ec/sites/all/modules/civicrm/CRM/Utils/HttpClient.php(85): CRM_Core_Error::fatal("Cannot install this extension - curl is not installed!")
#2 /home/vlad/projects/ec/sites/all/modules/civicrm/CRM/Extension/Browser.php(254): CRM_Utils_HttpClient->fetch("https://civicrm.org/extdir/ver=4.7.16|cms=Drupal/single", "/var/www/drupal/eternity/sites/default/files/civicrm/ext/cache/extensions.jso...")
#3 /home/vlad/projects/ec/sites/all/modules/civicrm/CRM/Extension/Browser.php(193): CRM_Extension_Browser->grabRemoteJson()
#4 /home/vlad/projects/ec/sites/all/modules/civicrm/CRM/Extension/Browser.php(148): CRM_Extension_Browser->_discoverRemote()
#5 /home/vlad/projects/ec/sites/all/modules/civicrm/CRM/Utils/Check/Component/Env.php(594): CRM_Extension_Browser->getExtensions()
#6 /home/vlad/projects/ec/sites/all/modules/civicrm/CRM/Utils/Check/Component.php(54): CRM_Utils_Check_Component_Env->checkExtensions()
#7 /home/vlad/projects/ec/sites/all/modules/civicrm/CRM/Utils/Check.php(209): CRM_Utils_Check_Component->checkAll()
#8 /home/vlad/projects/ec/sites/all/modules/civicrm/CRM/Utils/Check.php(93): CRM_Utils_Check::checkAll()
#9 /home/vlad/projects/ec/sites/all/modules/civicrm/CRM/Core/Page.php(218): CRM_Utils_Check->showPeriodicAlerts()
#10 /home/vlad/projects/ec/sites/all/modules/civicrm/CRM/Contact/Page/DashBoard.php(69): CRM_Core_Page->run()
#11 /home/vlad/projects/ec/sites/all/modules/civicrm/CRM/Core/Invoke.php(310): CRM_Contact_Page_DashBoard->run((Array:1), NULL)
#12 /home/vlad/projects/ec/sites/all/modules/civicrm/CRM/Core/Invoke.php(84): CRM_Core_Invoke::runItem((Array:13))
#13 /home/vlad/projects/ec/sites/all/modules/civicrm/CRM/Core/Invoke.php(52): CRM_Core_Invoke::_invoke((Array:1))
#14 /home/vlad/projects/ec/sites/all/modules/civicrm/drupal/civicrm.module(448): CRM_Core_Invoke::invoke((Array:1))
#15 [internal function](): civicrm_invoke()
#16 /home/vlad/projects/ec/includes/menu.inc(527): call_user_func_array("civicrm_invoke", (Array:0))
#17 /home/vlad/projects/ec/index.php(21): menu_execute_active_handler()
#18 {main}


Jun 26 22:52:25  [info] Deprecated: Group=''. Name='cvv_backoffice_required'. Defaults should come from metadata


